2022/10/19 18:56:57 12001 304
2022/10/19 18:56:57 12001 304
2022/10/19 18:56:57 12001 202
2022/10/19 18:56:57 12001 101
2022/10/19 18:56:57 12002 303
2022/10/19 18:56:57 12002 305
2022/10/19 18:56:57 12002 202
2022/10/19 18:56:57 12002 101
2022/10/19 18:56:57 12003 303
2022/10/19 18:56:57 12003 305
2022/10/19 18:56:57 12003 202
2022/10/19 18:56:57 12003 101
2022/10/19 18:56:57 12004 303
2022/10/19 18:56:57 12004 305
2022/10/19 18:56:57 12004 202
2022/10/19 18:56:57 12004 101
2022/10/19 18:56:57 12005 303
2022/10/19 18:56:57 12005 304
2022/10/19 18:56:57 12005 201
2022/10/19 18:56:57 12005 101
2022/10/19 18:56:57 12006 303
2022/10/19 18:56:57 12006 304
2022/10/19 18:56:57 12006 201
2022/10/19 18:56:57 12006 101
2022/10/19 18:56:57 12007 303
2022/10/19 18:56:57 12007 303
2022/10/19 18:56:57 12007 201
2022/10/19 18:56:57 12007 101
2022/10/19 18:56:57 12008 303
2022/10/19 18:56:57 12008 303
2022/10/19 18:56:57 12008 201
2022/10/19 18:56:57 12008 101
2022/10/19 18:56:57 12009 303
2022/10/19 18:56:57 12009 303
2022/10/19 18:56:57 12009 201
2022/10/19 18:56:57 12009 101
2022/10/19 18:56:57 12010 302
2022/10/19 18:56:57 12010 304
2022/10/19 18:56:57 12010 201
2022/10/19 18:56:57 12010 102
2022/10/19 18:56:57 12011 302
2022/10/19 18:56:57 12011 304
2022/10/19 18:56:57 12011 201
2022/10/19 18:56:57 12011 102
2022/10/19 18:56:57 12012 304
2022/10/19 18:56:57 12012 301
2022/10/19 18:56:57 12012 201
2022/10/19 18:56:57 12012 101
2022/10/19 18:56:57 12013 304
2022/10/19 18:56:57 12013 301
2022/10/19 18:56:57 12013 201
2022/10/19 18:56:57 12013 101
2022/10/19 18:56:57 12014 304
2022/10/19 18:56:57 12014 301
2022/10/19 18:56:57 12014 201
2022/10/19 18:56:57 12014 101
2022/10/19 18:56:57 12015 301
2022/10/19 18:56:57 12015 301
2022/10/19 18:56:57 12015 202
2022/10/19 18:56:57 12015 102
2022/10/19 18:56:57 12016 301
2022/10/19 18:56:57 12016 301
2022/10/19 18:56:57 12016 202
2022/10/19 18:56:57 12016 102
2022/10/19 18:56:57 12017 305
2022/10/19 18:56:57 12017 305
2022/10/19 18:56:57 12017 201
2022/10/19 18:56:57 12017 101
2022/10/19 18:56:57 12018 305
2022/10/19 18:56:57 12018 305
2022/10/19 18:56:57 12018 201
2022/10/19 18:56:57 12018 101
2022/10/19 18:56:57 12019 305
2022/10/19 18:56:57 12019 305
2022/10/19 18:56:57 12019 201
2022/10/19 18:56:57 12019 101
2022/10/19 18:56:57 12020 301
2022/10/19 18:56:57 12020 305
2022/10/19 18:56:57 12020 201
2022/10/19 18:56:57 12020 102
